<?xml version="1.0" encoding="UTF-8"?>
<!-- Generated by org.testng.reporters.JUnitXMLReporter -->
<testsuite hostname="IBM242-PC07HSF0" name="Default test" tests="6" failures="0" timestamp="6 Sep 2018 08:41:29 GMT" time="5.264" errors="0">
  <testcase name="TC_02" time="3.305" classname="restapi.GetAPITest"/>
  <testcase name="TC_02" time="0.39" classname="restapi.GetAPITest"/>
  <testcase name="TC_02" time="0.27" classname="restapi.GetAPITest"/>
  <testcase name="TC_02" time="0.445" classname="restapi.GetAPITest"/>
  <testcase name="TC_02" time="0.346" classname="restapi.GetAPITest"/>
  <testcase name="TC_02" time="0.465" classname="restapi.GetAPITest"/>
</testsuite> <!-- Default test -->
