<?xml version="1.0" encoding="UTF-8"?>
<testsuite xmlns:xsi="http://www.w3.org/2001/XMLSchema-instance" xsi:noNamespaceSchemaLocation="https://maven.apache.org/surefire/maven-surefire-plugin/xsd/surefire-test-report.xsd" name="TestSuite" time="4.957" tests="6" errors="0" skipped="0" failures="0">
  <properties>
[...]
</properties>
  <testcase name="TC_02" classname="restapi.GetAPITest" time="1.991"/>
  <testcase name="TC_02" classname="restapi.GetAPITest" time="0.333"/>
  <testcase name="TC_02" classname="restapi.GetAPITest" time="0.307"/>
  <testcase name="TC_02" classname="restapi.GetAPITest" time="0.359"/>
  <testcase name="TC_02" classname="restapi.GetAPITest" time="0.318"/>
  <testcase name="TC_02" classname="restapi.GetAPITest" time="0.526"/>
</testsuite>