<?xml version="1.0" encoding="UTF-8"?>
<testng-results skipped="0" failed="0" total="6" passed="6">
  <reporter-output>
  </reporter-output>
  <suite name="TestSuite" duration-ms="3655" started-at="2018-09-06T10:36:11Z" finished-at="2018-09-06T10:36:15Z">
    <groups>
    </groups>
    <test name="restapi" duration-ms="3655" started-at="2018-09-06T10:36:11Z" finished-at="2018-09-06T10:36:15Z">
      <class name="restapi.GetAPITest">
        <test-method status="PASS" signature="TC_02(java.lang.String)[pri:0, instance:restapi.GetAPITest@17550481]" name="TC_02" duration-ms="1933" started-at="2018-09-06T16:06:11Z" data-provider="params" finished-at="2018-09-06T16:06:13Z">
          <params>
            <param index="0">
              <value>
                <![CDATA[noida]]>
              </value>
            </param>
          </params>
          <reporter-output>
          </reporter-output>
        </test-method> <!-- TC_02 -->
        <test-method status="PASS" signature="TC_02(java.lang.String)[pri:0, instance:restapi.GetAPITest@17550481]" name="TC_02" duration-ms="345" started-at="2018-09-06T16:06:13Z" data-provider="params" finished-at="2018-09-06T16:06:13Z">
          <params>
            <param index="0">
              <value>
                <![CDATA[delhi]]>
              </value>
            </param>
          </params>
          <reporter-output>
          </reporter-output>
        </test-method> <!-- TC_02 -->
        <test-method status="PASS" signature="TC_02(java.lang.String)[pri:0, instance:restapi.GetAPITest@17550481]" name="TC_02" duration-ms="300" started-at="2018-09-06T16:06:13Z" data-provider="params" finished-at="2018-09-06T16:06:14Z">
          <params>
            <param index="0">
              <value>
                <![CDATA[mumbai]]>
              </value>
            </param>
          </params>
          <reporter-output>
          </reporter-output>
        </test-method> <!-- TC_02 -->
        <test-method status="PASS" signature="TC_02(java.lang.String)[pri:0, instance:restapi.GetAPITest@17550481]" name="TC_02" duration-ms="371" started-at="2018-09-06T16:06:14Z" data-provider="params" finished-at="2018-09-06T16:06:14Z">
          <params>
            <param index="0">
              <value>
                <![CDATA[greenland]]>
              </value>
            </param>
          </params>
          <reporter-output>
          </reporter-output>
        </test-method> <!-- TC_02 -->
        <test-method status="PASS" signature="TC_02(java.lang.String)[pri:0, instance:restapi.GetAPITest@17550481]" name="TC_02" duration-ms="328" started-at="2018-09-06T16:06:14Z" data-provider="params" finished-at="2018-09-06T16:06:14Z">
          <params>
            <param index="0">
              <value>
                <![CDATA[nora]]>
              </value>
            </param>
          </params>
          <reporter-output>
          </reporter-output>
        </test-method> <!-- TC_02 -->
        <test-method status="PASS" signature="TC_02(java.lang.String)[pri:0, instance:restapi.GetAPITest@17550481]" name="TC_02" duration-ms="361" started-at="2018-09-06T16:06:14Z" data-provider="params" finished-at="2018-09-06T16:06:15Z">
          <params>
            <param index="0">
              <value>
                <![CDATA[jordan]]>
              </value>
            </param>
          </params>
          <reporter-output>
          </reporter-output>
        </test-method> <!-- TC_02 -->
      </class> <!-- restapi.GetAPITest -->
    </test> <!-- restapi -->
  </suite> <!-- TestSuite -->
</testng-results>
