<?xml version="1.0" encoding="UTF-8"?>
<testng-results skipped="0" failed="0" ignored="0" total="1" passed="1">
  <reporter-output>
  </reporter-output>
  <suite name="Default suite" duration-ms="51132" started-at="2018-11-01T12:01:39Z" finished-at="2018-11-01T12:02:30Z">
    <groups>
    </groups>
    <test name="Default test" duration-ms="51132" started-at="2018-11-01T12:01:39Z" finished-at="2018-11-01T12:02:30Z">
      <class name="automationPackage.ZZ_Test1">
        <test-method status="PASS" signature="tcTest1()[pri:0, instance:automationPackage.ZZ_Test1@7e2d773b]" name="tcTest1" duration-ms="51111" started-at="2018-11-01T12:01:39Z" finished-at="2018-11-01T12:02:30Z">
          <reporter-output>
          </reporter-output>
        </test-method> <!-- tcTest1 -->
      </class> <!-- automationPackage.ZZ_Test1 -->
    </test> <!-- Default test -->
  </suite> <!-- Default suite -->
</testng-results>
