<?xml version="1.0" encoding="UTF-8"?>
<!-- Generated by org.testng.reporters.JUnitXMLReporter -->
<testsuite hostname="IBM242-PC07HSF0" ignored="0" name="Regression 1" tests="2" failures="1" timestamp="07 Aug 2018 08:42:45 GMT" time="0.108" errors="0">
  <testcase name="testCase1" time="0.029" classname="automationPackage.TestNG"/>
  <testcase name="testCase2" time="0.004" classname="automationPackage.TestNG">
    <failure type="junit.framework.AssertionFailedError" message="expected:&amp;lt;true&amp;gt; but was:&amp;lt;false&amp;gt;">
      <![CDATA[junit.framework.AssertionFailedError: expected:<true> but was:<false>
at junit.framework.Assert.fail(Assert.java:57)
at junit.framework.Assert.failNotEquals(Assert.java:329)
at junit.framework.Assert.assertEquals(Assert.java:78)
at junit.framework.Assert.assertEquals(Assert.java:174)
at junit.framework.Assert.assertEquals(Assert.java:181)
at automationPackage.TestNG.testCase2(TestNG.java:53)
at java.util.concurrent.ThreadPoolExecutor.runWorker(Unknown Source)
at java.util.concurrent.ThreadPoolExecutor$Worker.run(Unknown Source)
at java.lang.Thread.run(Unknown Source)
... Removed 10 stack frames]]>
    </failure>
  </testcase> <!-- testCase2 -->
</testsuite> <!-- Regression 1 -->
