<?xml version="1.0" encoding="UTF-8"?>
<!-- Generated by org.testng.reporters.JUnitXMLReporter -->
<testsuite hostname="IBM242-PC07HSF0" ignored="0" name="FrameWorkCreation" tests="5" failures="0" timestamp="30 Aug 2018 10:36:19 GMT" time="92.59" errors="0">
  <testcase name="loginPageTitleTest" time="0.028" classname="com.crm.qa.testcases.LoginPageTest"/>
  <testcase name="verifyHomePageTitleTest" time="0.022" classname="com.crm.qa.testcases.HomePageTest"/>
  <testcase name="verifyHomePageTitleTest" time="0.018" classname="com.crm.qa.testcases.HomePageTest"/>
  <testcase name="verifyHomePageTitleTest" time="0.02" classname="com.crm.qa.testcases.HomePageTest"/>
  <testcase name="loginTest" time="10.995" classname="com.crm.qa.testcases.LoginPageTest"/>
</testsuite> <!-- FrameWorkCreation -->
