<?xml version="1.0" encoding="UTF-8"?>
<!-- Generated by org.testng.reporters.JUnitXMLReporter -->
<testsuite hostname="IBM242-PC07HSF0" name="restapi" tests="6" failures="0" timestamp="6 Sep 2018 10:36:15 GMT" time="3.655" errors="0">
  <testcase name="TC_02" time="1.933" classname="restapi.GetAPITest"/>
  <testcase name="TC_02" time="0.345" classname="restapi.GetAPITest"/>
  <testcase name="TC_02" time="0.3" classname="restapi.GetAPITest"/>
  <testcase name="TC_02" time="0.371" classname="restapi.GetAPITest"/>
  <testcase name="TC_02" time="0.328" classname="restapi.GetAPITest"/>
  <testcase name="TC_02" time="0.361" classname="restapi.GetAPITest"/>
</testsuite> <!-- restapi -->
