<?xml version="1.0" encoding="UTF-8"?>
<testng-results skipped="0" failed="0" ignored="0" total="1" passed="1">
  <reporter-output>
  </reporter-output>
  <suite name="Default suite" duration-ms="71695" started-at="2018-10-22T13:32:15Z" finished-at="2018-10-22T13:33:27Z">
    <groups>
    </groups>
    <test name="Default test" duration-ms="71695" started-at="2018-10-22T13:32:15Z" finished-at="2018-10-22T13:33:27Z">
      <class name="com.companyname.projectname.Test.TestController">
        <test-method status="PASS" signature="initBrowser()[pri:0, instance:com.companyname.projectname.Test.TestController@63440df3]" name="initBrowser" is-config="true" duration-ms="789" started-at="2018-10-22T13:32:15Z" finished-at="2018-10-22T13:32:16Z">
          <reporter-output>
          </reporter-output>
        </test-method> <!-- initBrowser -->
        <test-method status="PASS" signature="TestCaseController()[pri:0, instance:com.companyname.projectname.Test.TestController@63440df3]" name="TestCaseController" duration-ms="70890" started-at="2018-10-22T13:32:16Z" finished-at="2018-10-22T13:33:27Z">
          <reporter-output>
          </reporter-output>
        </test-method> <!-- TestCaseController -->
        <test-method status="PASS" signature="quitBrowser()[pri:0, instance:com.companyname.projectname.Test.TestController@63440df3]" name="quitBrowser" is-config="true" duration-ms="0" started-at="2018-10-22T13:33:27Z" finished-at="2018-10-22T13:33:27Z">
          <reporter-output>
          </reporter-output>
        </test-method> <!-- quitBrowser -->
      </class> <!-- com.companyname.projectname.Test.TestController -->
    </test> <!-- Default test -->
  </suite> <!-- Default suite -->
</testng-results>
